<?xml version="1.0" encoding="UTF-8"?>
<!-- Generated by org.testng.reporters.JUnitXMLReporter -->
<testsuite hostname="DESKTOP-3F5E7VB" failures="2" tests="2" name="firefoxTest" time="24.913" errors="0" timestamp="10 Jul 2019 15:18:11 GMT">
  <testcase classname="com.edureka.testng.AssignmentEdureka" name="loginToGmail" time="0.009">
    <failure type="java.lang.Error" message="Unresolved compilation problems: 
	The annotation @AfterMethod is disallowed for this location
	void[] is an invalid type
	Syntax error on token &amp;quot;closeApplication&amp;quot;, AnnotationName expected after this token
	Illegal modifier for parameter closeApplication; only final is permitted
	Syntax error, insert &amp;quot;[ ]&amp;quot; to complete Dimension
	Syntax error, insert &amp;quot;;&amp;quot; to complete LocalVariableDeclarationStatement
">
      <![CDATA[java.lang.Error: Unresolved compilation problems: 
	The annotation @AfterMethod is disallowed for this location
	void[] is an invalid type
	Syntax error on token "closeApplication", AnnotationName expected after this token
	Illegal modifier for parameter closeApplication; only final is permitted
	Syntax error, insert "[ ]" to complete Dimension
	Syntax error, insert ";" to complete LocalVariableDeclarationStatement

	at com.edureka.testng.AssignmentEdureka.loginToGmail(AssignmentEdureka.java:100)
	at java.base/java.util.concurrent.FutureTask.run(FutureTask.java:264)
	at java.base/java.util.concurrent.ThreadPoolExecutor.runWorker(ThreadPoolExecutor.java:1128)
	at java.base/java.util.concurrent.ThreadPoolExecutor$Worker.run(ThreadPoolExecutor.java:628)
	at java.base/java.lang.Thread.run(Thread.java:835)
... Removed 16 stack frames]]>
    </failure>
  </testcase> <!-- loginToGmail -->
  <testcase classname="com.edureka.testng.AssignmentEdureka" name="loginToGmail" time="0.002">
    <failure type="java.lang.Error" message="Unresolved compilation problems: 
	The annotation @AfterMethod is disallowed for this location
	void[] is an invalid type
	Syntax error on token &amp;quot;closeApplication&amp;quot;, AnnotationName expected after this token
	Illegal modifier for parameter closeApplication; only final is permitted
	Syntax error, insert &amp;quot;[ ]&amp;quot; to complete Dimension
	Syntax error, insert &amp;quot;;&amp;quot; to complete LocalVariableDeclarationStatement
">
      <![CDATA[java.lang.Error: Unresolved compilation problems: 
	The annotation @AfterMethod is disallowed for this location
	void[] is an invalid type
	Syntax error on token "closeApplication", AnnotationName expected after this token
	Illegal modifier for parameter closeApplication; only final is permitted
	Syntax error, insert "[ ]" to complete Dimension
	Syntax error, insert ";" to complete LocalVariableDeclarationStatement

	at com.edureka.testng.AssignmentEdureka.loginToGmail(AssignmentEdureka.java:100)
	at java.base/java.util.concurrent.FutureTask.run(FutureTask.java:264)
	at java.base/java.util.concurrent.ThreadPoolExecutor.runWorker(ThreadPoolExecutor.java:1128)
	at java.base/java.util.concurrent.ThreadPoolExecutor$Worker.run(ThreadPoolExecutor.java:628)
	at java.base/java.lang.Thread.run(Thread.java:835)
... Removed 16 stack frames]]>
    </failure>
  </testcase> <!-- loginToGmail -->
</testsuite> <!-- firefoxTest -->
